[INFO ] 22-12-2022 06:18:39.673 PM [main] c.b.c.InvoiceControllerTest - Starting InvoiceControllerTest using Java 17.0.5 on suchidp-vd with PID 34244 (started by suchidp in E:\SpaAssignment\BillingApiAssignment)
[DEBUG] 22-12-2022 06:18:39.675 PM [main] c.b.c.InvoiceControllerTest - Running with Spring Boot v2.7.5, Spring v5.3.23
[INFO ] 22-12-2022 06:18:39.676 PM [main] c.b.c.InvoiceControllerTest - No active profile set, falling back to 1 default profile: "default"
[INFO ] 22-12-2022 06:18:39.682 PM [background-preinit] o.h.v.i.u.Version - HV000001: Hibernate Validator 6.2.5.Final
[INFO ] 22-12-2022 06:18:42.523 PM [main] o.s.b.t.m.w.SpringBootMockServletContext - Initializing Spring TestDispatcherServlet ''
[INFO ] 22-12-2022 06:18:42.525 PM [main] o.s.t.w.s.TestDispatcherServlet - Initializing Servlet ''
[INFO ] 22-12-2022 06:18:42.528 PM [main] o.s.t.w.s.TestDispatcherServlet - Completed initialization in 2 ms
[INFO ] 22-12-2022 06:18:42.591 PM [main] c.b.c.InvoiceControllerTest - Started InvoiceControllerTest in 3.682 seconds (JVM running for 5.741)
[INFO ] 22-12-2022 06:18:43.006 PM [main] c.b.c.InvoiceController - Invoice   0 and  jeans added
[INFO ] 22-12-2022 06:18:43.581 PM [main] c.b.c.InvoiceController - Invoice  of jeans  found
[INFO ] 22-12-2022 06:18:43.899 PM [main] c.b.c.InvoiceController - Invoice   0 and  jeans added
[INFO ] 22-12-2022 06:19:07.458 PM [main] c.b.c.InvoiceControllerTest - Starting InvoiceControllerTest using Java 17.0.5 on suchidp-vd with PID 12024 (started by suchidp in E:\SpaAssignment\BillingApiAssignment)
[DEBUG] 22-12-2022 06:19:07.465 PM [main] c.b.c.InvoiceControllerTest - Running with Spring Boot v2.7.5, Spring v5.3.23
[INFO ] 22-12-2022 06:19:07.466 PM [main] c.b.c.InvoiceControllerTest - No active profile set, falling back to 1 default profile: "default"
[INFO ] 22-12-2022 06:19:07.470 PM [background-preinit] o.h.v.i.u.Version - HV000001: Hibernate Validator 6.2.5.Final
[INFO ] 22-12-2022 06:19:10.125 PM [main] o.s.b.t.m.w.SpringBootMockServletContext - Initializing Spring TestDispatcherServlet ''
[INFO ] 22-12-2022 06:19:10.127 PM [main] o.s.t.w.s.TestDispatcherServlet - Initializing Servlet ''
[INFO ] 22-12-2022 06:19:10.136 PM [main] o.s.t.w.s.TestDispatcherServlet - Completed initialization in 9 ms
[INFO ] 22-12-2022 06:19:10.205 PM [main] c.b.c.InvoiceControllerTest - Started InvoiceControllerTest in 3.472 seconds (JVM running for 5.402)
[INFO ] 22-12-2022 06:19:10.542 PM [main] c.b.c.InvoiceController - Invoice   0 and  jeans added
[INFO ] 22-12-2022 06:19:11.039 PM [main] c.b.c.InvoiceController - Invoice  of jeans  found
[INFO ] 22-12-2022 06:19:11.295 PM [main] c.b.c.InvoiceController - Invoice   0 and  jeans added
